<?xml version="1.0" encoding="UTF-8"?>
<!-- Generated by org.testng.reporters.JUnitXMLReporter -->
<testsuite hostname="LAPTOP-IOVO5AK9" ignored="0" name="Driscolls Web App Test Cases" tests="2" failures="1" timestamp="2020-05-07T15:12:05 IST" time="20.33" errors="0">
  <testcase name="testLogin" time="5.293" classname="com.enquero.webapp.driscolls.tests.TestLoginPage"/>
  <testcase name="testLoginFacebook" time="5.25" classname="com.enquero.webapp.driscolls.tests.TestLoginPage">
    <failure type="java.lang.AssertionError" message="did not expect to find [true] but found [false]">
      <![CDATA[java.lang.AssertionError: did not expect to find [true] but found [false]
at com.enquero.webapp.driscolls.tests.TestLoginPage.testLoginFacebook(TestLoginPage.java:75)
at java.util.ArrayList.forEach(ArrayList.java:1257)
... Removed 35 stack frames]]>
    </failure>
  </testcase> <!-- testLoginFacebook -->
</testsuite> <!-- Driscolls Web App Test Cases -->
