<?xml version="1.0" encoding="UTF-8"?>
<!-- Generated by org.testng.reporters.JUnitXMLReporter -->
<testsuite ignored="0" hostname="LAPTOP-8KKOTDMJ" failures="2" tests="7" name="Driscolls API App Test Cases" time="18.735" errors="0" timestamp="2020-05-27T18:29:47 IST">
  <testcase classname="com.enquero.api.driscolls.tests.EmployeeTest" name="getEmployeeDetails" time="4.981">
    <skipped/>
  </testcase> <!-- getEmployeeDetails -->
  <testcase classname="com.enquero.api.driscolls.tests.EmployeeTest" name="getEmployeeDetails" time="0.946">
    <failure type="java.lang.AssertionError" message="expected [success] but found [fail]">
      <![CDATA[java.lang.AssertionError: expected [success] but found [fail]
at com.enquero.api.driscolls.tests.EmployeeTest.getEmployeeDetails(EmployeeTest.java:75)
at java.base/java.util.concurrent.ThreadPoolExecutor.runWorker(ThreadPoolExecutor.java:1128)
at java.base/java.util.concurrent.ThreadPoolExecutor$Worker.run(ThreadPoolExecutor.java:628)
at java.base/java.lang.Thread.run(Thread.java:830)
... Removed 17 stack frames]]>
    </failure>
  </testcase> <!-- getEmployeeDetails -->
  <testcase classname="com.enquero.api.driscolls.tests.EmployeeTest" name="postEmployeeDetails" time="1.006"/>
  <testcase classname="com.enquero.api.driscolls.tests.EmployeeTest" name="getEmployeeIdDetails" time="1.016">
    <skipped/>
  </testcase> <!-- getEmployeeIdDetails -->
  <testcase classname="com.enquero.api.driscolls.tests.EmployeeTest" name="getEmployeeIdDetails" time="0.97">
    <failure type="java.lang.NoSuchMethodError" message="&amp;apos;void org.hamcrest.Matcher.describeMismatch(java.lang.Object, org.hamcrest.Description)&amp;apos;">
      <![CDATA[java.lang.NoSuchMethodError: 'void org.hamcrest.Matcher.describeMismatch(java.lang.Object, org.hamcrest.Description)'
at io.restassured.internal.util.MatcherErrorMessageBuilder.buildError(MatcherErrorMessageBuilder.java:19)
at io.restassured.internal.util.MatcherErrorMessageBuilder$buildError.call(Unknown Source)
at io.restassured.internal.ResponseSpecificationImpl$HamcrestAssertionClosure.validateStatusCodeAndStatusLine(ResponseSpecificationImpl.groovy:536)
at org.codehaus.groovy.runtime.callsite.PogoMetaMethodSite$PogoCachedMethodSiteNoUnwrapNoCoerce.invoke(PogoMetaMethodSite.java:210)
at org.codehaus.groovy.runtime.callsite.PogoMetaMethodSite.callCurrent(PogoMetaMethodSite.java:59)
at org.codehaus.groovy.runtime.callsite.AbstractCallSite.callCurrent(AbstractCallSite.java:166)
at io.restassured.internal.ResponseSpecificationImpl$HamcrestAssertionClosure.validate(ResponseSpecificationImpl.groovy:449)
at io.restassured.internal.ResponseSpecificationImpl$HamcrestAssertionClosure$validate$1.call(Unknown Source)
at io.restassured.internal.ResponseSpecificationImpl.validateResponseIfRequired(ResponseSpecificationImpl.groovy:643)
at org.codehaus.groovy.runtime.callsite.PogoMetaMethodSite$PogoCachedMethodSiteNoUnwrapNoCoerce.invoke(PogoMetaMethodSite.java:210)
at org.codehaus.groovy.runtime.callsite.PogoMetaMethodSite.callCurrent(PogoMetaMethodSite.java:59)
at org.codehaus.groovy.runtime.callsite.AbstractCallSite.callCurrent(AbstractCallSite.java:166)
at io.restassured.internal.ResponseSpecificationImpl.statusCode(ResponseSpecificationImpl.groovy:122)
at io.restassured.specification.ResponseSpecification$statusCode$0.callCurrent(Unknown Source)
at io.restassured.internal.ResponseSpecificationImpl.statusCode(ResponseSpecificationImpl.groovy:130)
at io.restassured.internal.ValidatableResponseOptionsImpl.statusCode(ValidatableResponseOptionsImpl.java:117)
at com.enquero.apiutility.RestUtil.getRequest(RestUtil.java:208)
at com.enquero.api.driscolls.tests.EmployeeTest.getEmployeeIdDetails(EmployeeTest.java:130)
at java.base/java.util.concurrent.ThreadPoolExecutor.runWorker(ThreadPoolExecutor.java:1128)
at java.base/java.util.concurrent.ThreadPoolExecutor$Worker.run(ThreadPoolExecutor.java:628)
at java.base/java.lang.Thread.run(Thread.java:830)
... Removed 20 stack frames]]>
    </failure>
  </testcase> <!-- getEmployeeIdDetails -->
  <testcase classname="com.enquero.api.driscolls.tests.EmployeeTest" name="updateEmployeeDetails" time="0.903"/>
  <testcase classname="com.enquero.api.driscolls.tests.EmployeeTest" name="deleteEmployeeRecord" time="0.99"/>
</testsuite> <!-- Driscolls API App Test Cases -->
