<?xml version="1.0" encoding="UTF-8"?>
<!-- Generated by org.testng.reporters.JUnitXMLReporter -->
<testsuite hostname="LAPTOP-IOVO5AK9" ignored="0" name="Command line test" tests="6" failures="0" timestamp="27 Apr 2020 13:18:31 GMT" time="0.906" errors="0">
  <testcase name="@BeforeClass setup" time="0.0" classname="com.enquero.mobileapp.driscolls.TestMobileApp">
    <failure type="org.testng.TestNGException" message="
Parameter &amp;apos;apkFilePath&amp;apos; is required by BeforeClass on method setup but has not been marked @Optional or defined
">
      <![CDATA[org.testng.TestNGException: 
Parameter 'apkFilePath' is required by BeforeClass on method setup but has not been marked @Optional or defined

... Removed 33 stack frames]]>
    </failure>
  </testcase> <!-- @BeforeClass setup -->
  <testcase name="@BeforeClass setup" time="0.0" classname="com.enquero.webapp.driscolls.tests.Testlogincsv">
    <failure type="org.testng.TestNGException" message="
Parameter &amp;apos;browser&amp;apos; is required by BeforeClass on method setup but has not been marked @Optional or defined
">
      <![CDATA[org.testng.TestNGException: 
Parameter 'browser' is required by BeforeClass on method setup but has not been marked @Optional or defined

... Removed 33 stack frames]]>
    </failure>
  </testcase> <!-- @BeforeClass setup -->
  <testcase name="@AfterClass tearDown" time="0.0" classname="com.enquero.webapp.driscolls.tests.Testlogincsv">
    <skipped/>
  </testcase> <!-- @AfterClass tearDown -->
  <testcase name="@BeforeClass setup" time="0.0" classname="com.enquero.webapp.driscolls.tests.Testloginjson">
    <failure type="org.testng.TestNGException" message="
Parameter &amp;apos;browser&amp;apos; is required by BeforeClass on method setup but has not been marked @Optional or defined
">
      <![CDATA[org.testng.TestNGException: 
Parameter 'browser' is required by BeforeClass on method setup but has not been marked @Optional or defined

... Removed 33 stack frames]]>
    </failure>
  </testcase> <!-- @BeforeClass setup -->
  <testcase name="@AfterClass tearDown" time="0.0" classname="com.enquero.webapp.driscolls.tests.Testloginjson">
    <skipped/>
  </testcase> <!-- @AfterClass tearDown -->
  <testcase name="@BeforeClass setup" time="0.0" classname="com.enquero.webapp.driscolls.tests.TestLoginPage">
    <failure type="org.testng.TestNGException" message="
Parameter &amp;apos;browser&amp;apos; is required by BeforeClass on method setup but has not been marked @Optional or defined
">
      <![CDATA[org.testng.TestNGException: 
Parameter 'browser' is required by BeforeClass on method setup but has not been marked @Optional or defined

... Removed 33 stack frames]]>
    </failure>
  </testcase> <!-- @BeforeClass setup -->
  <testcase name="@AfterClass tearDown" time="0.0" classname="com.enquero.webapp.driscolls.tests.TestLoginPage">
    <skipped/>
  </testcase> <!-- @AfterClass tearDown -->
  <testcase name="@BeforeClass setup" time="0.0" classname="com.enquero.webapp.driscolls.tests.TestLoginxml">
    <failure type="org.testng.TestNGException" message="
Parameter &amp;apos;browser&amp;apos; is required by BeforeClass on method setup but has not been marked @Optional or defined
">
      <![CDATA[org.testng.TestNGException: 
Parameter 'browser' is required by BeforeClass on method setup but has not been marked @Optional or defined

... Removed 33 stack frames]]>
    </failure>
  </testcase> <!-- @BeforeClass setup -->
  <testcase name="@AfterClass tearDown" time="0.0" classname="com.enquero.webapp.driscolls.tests.TestLoginxml">
    <skipped/>
  </testcase> <!-- @AfterClass tearDown -->
  <testcase name="testapp" time="0.0" classname="com.enquero.mobileapp.driscolls.TestMobileApp">
    <skipped/>
  </testcase> <!-- testapp -->
  <testcase name="testLogin" time="0.0" classname="com.enquero.webapp.driscolls.tests.Testlogincsv">
    <skipped/>
  </testcase> <!-- testLogin -->
  <testcase name="testLogin" time="0.0" classname="com.enquero.webapp.driscolls.tests.Testloginjson">
    <skipped/>
  </testcase> <!-- testLogin -->
  <testcase name="testLogin" time="0.0" classname="com.enquero.webapp.driscolls.tests.TestLoginPage">
    <skipped/>
  </testcase> <!-- testLogin -->
  <testcase name="testLoginFacebook" time="0.0" classname="com.enquero.webapp.driscolls.tests.TestLoginPage">
    <skipped/>
  </testcase> <!-- testLoginFacebook -->
  <testcase name="testLogin" time="0.0" classname="com.enquero.webapp.driscolls.tests.TestLoginxml">
    <skipped/>
  </testcase> <!-- testLogin -->
</testsuite> <!-- Command line test -->
