<?xml version="1.0" encoding="UTF-8"?>
<testsuite xmlns:xsi="http://www.w3.org/2001/XMLSchema-instance" xsi:noNamespaceSchemaLocation="https://maven.apache.org/surefire/maven-surefire-plugin/xsd/surefire-test-report.xsd" name="TestSuite" time="33.198" tests="5" errors="0" skipped="2" failures="2">
  <properties>
    <property name="sun.desktop" value="windows"/>
    <property name="awt.toolkit" value="sun.awt.windows.WToolkit"/>
    <property name="file.encoding.pkg" value="sun.io"/>
    <property name="java.specification.version" value="1.8"/>
    <property name="sun.cpu.isalist" value="amd64"/>
    <property name="sun.jnu.encoding" value="Cp1252"/>
    <property name="java.class.path" value="C:\Users\SwatiChetty\TestAutomationFramework\TestExecutor\target\test-classes;C:\Users\SwatiChetty\TestAutomationFramework\TestExecutor\target\classes;C:\Users\SwatiChetty\.m2\repository\org\testng\testng\7.0.0\testng-7.0.0.jar;C:\Users\SwatiChetty\.m2\repository\com\beust\jcommander\1.72\jcommander-1.72.jar;C:\Users\SwatiChetty\.m2\repository\com\fasterxml\jackson\core\jackson-databind\2.10.1\jackson-databind-2.10.1.jar;C:\Users\SwatiChetty\.m2\repository\com\fasterxml\jackson\core\jackson-annotations\2.10.1\jackson-annotations-2.10.1.jar;C:\Users\SwatiChetty\.m2\repository\com\fasterxml\jackson\core\jackson-core\2.10.1\jackson-core-2.10.1.jar;C:\Users\SwatiChetty\TestAutomationFramework\driverfactory\target\classes;C:\Users\SwatiChetty\.m2\repository\org\seleniumhq\selenium\selenium-chrome-driver\3.141.59\selenium-chrome-driver-3.141.59.jar;C:\Users\SwatiChetty\.m2\repository\org\seleniumhq\selenium\selenium-api\3.141.59\selenium-api-3.141.59.jar;C:\Users\SwatiChetty\.m2\repository\net\bytebuddy\byte-buddy\1.8.15\byte-buddy-1.8.15.jar;C:\Users\SwatiChetty\.m2\repository\org\apache\commons\commons-exec\1.3\commons-exec-1.3.jar;C:\Users\SwatiChetty\.m2\repository\com\google\guava\guava\25.0-jre\guava-25.0-jre.jar;C:\Users\SwatiChetty\.m2\repository\com\google\code\findbugs\jsr305\1.3.9\jsr305-1.3.9.jar;C:\Users\SwatiChetty\.m2\repository\org\checkerframework\checker-compat-qual\2.0.0\checker-compat-qual-2.0.0.jar;C:\Users\SwatiChetty\.m2\repository\com\google\errorprone\error_prone_annotations\2.1.3\error_prone_annotations-2.1.3.jar;C:\Users\SwatiChetty\.m2\repository\com\google\j2objc\j2objc-annotations\1.1\j2objc-annotations-1.1.jar;C:\Users\SwatiChetty\.m2\repository\org\codehaus\mojo\animal-sniffer-annotations\1.14\animal-sniffer-annotations-1.14.jar;C:\Users\SwatiChetty\.m2\repository\com\squareup\okhttp3\okhttp\3.11.0\okhttp-3.11.0.jar;C:\Users\SwatiChetty\.m2\repository\com\squareup\okio\okio\1.14.0\okio-1.14.0.jar;C:\Users\SwatiChetty\.m2\repository\org\seleniumhq\selenium\selenium-firefox-driver\3.141.59\selenium-firefox-driver-3.141.59.jar;C:\Users\SwatiChetty\.m2\repository\io\github\bonigarcia\webdrivermanager\3.6.2\webdrivermanager-3.6.2.jar;C:\Users\SwatiChetty\.m2\repository\org\slf4j\slf4j-api\1.7.25\slf4j-api-1.7.25.jar;C:\Users\SwatiChetty\.m2\repository\com\google\code\gson\gson\2.8.5\gson-2.8.5.jar;C:\Users\SwatiChetty\.m2\repository\org\apache\commons\commons-lang3\3.8.1\commons-lang3-3.8.1.jar;C:\Users\SwatiChetty\.m2\repository\org\apache\httpcomponents\httpclient\4.5.6\httpclient-4.5.6.jar;C:\Users\SwatiChetty\.m2\repository\org\apache\httpcomponents\httpcore\4.4.10\httpcore-4.4.10.jar;C:\Users\SwatiChetty\.m2\repository\commons-logging\commons-logging\1.2\commons-logging-1.2.jar;C:\Users\SwatiChetty\.m2\repository\org\rauschig\jarchivelib\1.0.0\jarchivelib-1.0.0.jar;C:\Users\SwatiChetty\.m2\repository\io\appium\java-client\7.2.0\java-client-7.2.0.jar;C:\Users\SwatiChetty\.m2\repository\org\seleniumhq\selenium\selenium-java\3.141.59\selenium-java-3.141.59.jar;C:\Users\SwatiChetty\.m2\repository\org\seleniumhq\selenium\selenium-edge-driver\3.141.59\selenium-edge-driver-3.141.59.jar;C:\Users\SwatiChetty\.m2\repository\org\seleniumhq\selenium\selenium-ie-driver\3.141.59\selenium-ie-driver-3.141.59.jar;C:\Users\SwatiChetty\.m2\repository\org\seleniumhq\selenium\selenium-opera-driver\3.141.59\selenium-opera-driver-3.141.59.jar;C:\Users\SwatiChetty\.m2\repository\org\seleniumhq\selenium\selenium-safari-driver\3.141.59\selenium-safari-driver-3.141.59.jar;C:\Users\SwatiChetty\.m2\repository\org\seleniumhq\selenium\selenium-support\3.141.59\selenium-support-3.141.59.jar;C:\Users\SwatiChetty\.m2\repository\cglib\cglib\3.2.12\cglib-3.2.12.jar;C:\Users\SwatiChetty\.m2\repository\org\ow2\asm\asm\7.1\asm-7.1.jar;C:\Users\SwatiChetty\.m2\repository\commons-validator\commons-validator\1.6\commons-validator-1.6.jar;C:\Users\SwatiChetty\.m2\repository\commons-beanutils\commons-beanutils\1.9.2\commons-beanutils-1.9.2.jar;C:\Users\SwatiChetty\.m2\repository\commons-digester\commons-digester\1.8.1\commons-digester-1.8.1.jar;C:\Users\SwatiChetty\.m2\repository\commons-collections\commons-collections\3.2.2\commons-collections-3.2.2.jar;C:\Users\SwatiChetty\.m2\repository\org\springframework\spring-context\5.1.8.RELEASE\spring-context-5.1.8.RELEASE.jar;C:\Users\SwatiChetty\.m2\repository\org\springframework\spring-aop\5.1.8.RELEASE\spring-aop-5.1.8.RELEASE.jar;C:\Users\SwatiChetty\.m2\repository\org\springframework\spring-beans\5.1.8.RELEASE\spring-beans-5.1.8.RELEASE.jar;C:\Users\SwatiChetty\.m2\repository\org\springframework\spring-core\5.1.8.RELEASE\spring-core-5.1.8.RELEASE.jar;C:\Users\SwatiChetty\.m2\repository\org\springframework\spring-jcl\5.1.8.RELEASE\spring-jcl-5.1.8.RELEASE.jar;C:\Users\SwatiChetty\.m2\repository\org\springframework\spring-expression\5.1.8.RELEASE\spring-expression-5.1.8.RELEASE.jar;C:\Users\SwatiChetty\.m2\repository\org\aspectj\aspectjweaver\1.9.4\aspectjweaver-1.9.4.jar;C:\Users\SwatiChetty\.m2\repository\org\seleniumhq\selenium\selenium-remote-driver\3.141.59\selenium-remote-driver-3.141.59.jar;C:\Users\SwatiChetty\TestAutomationFramework\dataprovider\target\classes;C:\Users\SwatiChetty\.m2\repository\commons-io\commons-io\2.6\commons-io-2.6.jar;C:\Users\SwatiChetty\.m2\repository\org\apache\poi\poi\4.1.2\poi-4.1.2.jar;C:\Users\SwatiChetty\.m2\repository\commons-codec\commons-codec\1.13\commons-codec-1.13.jar;C:\Users\SwatiChetty\.m2\repository\org\apache\commons\commons-collections4\4.4\commons-collections4-4.4.jar;C:\Users\SwatiChetty\.m2\repository\org\apache\commons\commons-math3\3.6.1\commons-math3-3.6.1.jar;C:\Users\SwatiChetty\.m2\repository\com\zaxxer\SparseBitSet\1.2\SparseBitSet-1.2.jar;C:\Users\SwatiChetty\.m2\repository\org\apache\poi\poi-ooxml\4.1.2\poi-ooxml-4.1.2.jar;C:\Users\SwatiChetty\.m2\repository\org\apache\poi\poi-ooxml-schemas\4.1.2\poi-ooxml-schemas-4.1.2.jar;C:\Users\SwatiChetty\.m2\repository\org\apache\xmlbeans\xmlbeans\3.1.0\xmlbeans-3.1.0.jar;C:\Users\SwatiChetty\.m2\repository\org\apache\commons\commons-compress\1.19\commons-compress-1.19.jar;C:\Users\SwatiChetty\.m2\repository\com\github\virtuald\curvesapi\1.06\curvesapi-1.06.jar;C:\Users\SwatiChetty\.m2\repository\org\json\json\20190722\json-20190722.jar;C:\Users\SwatiChetty\.m2\repository\com\googlecode\json-simple\json-simple\1.1.1\json-simple-1.1.1.jar;C:\Users\SwatiChetty\.m2\repository\junit\junit\4.10\junit-4.10.jar;C:\Users\SwatiChetty\.m2\repository\org\hamcrest\hamcrest-core\1.1\hamcrest-core-1.1.jar;C:\Users\SwatiChetty\TestAutomationFramework\reporter\target\classes;C:\Users\SwatiChetty\.m2\repository\com\aventstack\extentreports\3.0.7\extentreports-3.0.7.jar;C:\Users\SwatiChetty\.m2\repository\org\mongodb\mongodb-driver\3.3.0\mongodb-driver-3.3.0.jar;C:\Users\SwatiChetty\.m2\repository\org\mongodb\bson\3.3.0\bson-3.3.0.jar;C:\Users\SwatiChetty\.m2\repository\org\mongodb\mongodb-driver-core\3.3.0\mongodb-driver-core-3.3.0.jar;C:\Users\SwatiChetty\.m2\repository\org\apache\httpcomponents\httpmime\4.5.2\httpmime-4.5.2.jar;C:\Users\SwatiChetty\.m2\repository\log4j\log4j\1.2.17\log4j-1.2.17.jar;C:\Users\SwatiChetty\.m2\repository\org\apache\logging\log4j\log4j-core\2.13.0\log4j-core-2.13.0.jar;C:\Users\SwatiChetty\.m2\repository\org\apache\logging\log4j\log4j-api\2.13.0\log4j-api-2.13.0.jar;C:\Users\SwatiChetty\.m2\repository\org\freemarker\freemarker\2.3.23\freemarker-2.3.23.jar;C:\Users\SwatiChetty\.m2\repository\org\jsoup\jsoup\1.8.3\jsoup-1.8.3.jar;C:\Users\SwatiChetty\.m2\repository\com\assertthat\selenium-shutterbug\0.9.3\selenium-shutterbug-0.9.3.jar;C:\Users\SwatiChetty\.m2\repository\org\projectlombok\lombok\1.18.8\lombok-1.18.8.jar;C:\Users\SwatiChetty\.m2\repository\com\github\zafarkhaja\java-semver\0.9.0\java-semver-0.9.0.jar;C:\Users\SwatiChetty\.m2\repository\io\qameta\allure\allure-java-commons\2.12.0\allure-java-commons-2.12.0.jar;C:\Users\SwatiChetty\.m2\repository\io\qameta\allure\allure-model\2.12.0\allure-model-2.12.0.jar;C:\Users\SwatiChetty\.m2\repository\org\apache\tika\tika-core\1.20\tika-core-1.20.jar;C:\Users\SwatiChetty\.m2\repository\org\jooq\joor-java-8\0.9.10\joor-java-8-0.9.10.jar;C:\Users\SwatiChetty\.m2\repository\io\qameta\allure\allure-testng\2.12.0\allure-testng-2.12.0.jar;C:\Users\SwatiChetty\.m2\repository\javax\xml\bind\jaxb-api\2.3.1\jaxb-api-2.3.1.jar;C:\Users\SwatiChetty\.m2\repository\javax\activation\javax.activation-api\1.2.0\javax.activation-api-1.2.0.jar;"/>
    <property name="java.vm.vendor" value="Oracle Corporation"/>
    <property name="sun.arch.data.model" value="64"/>
    <property name="user.variant" value=""/>
    <property name="java.vendor.url" value="http://java.oracle.com/"/>
    <property name="user.timezone" value="Asia/Calcutta"/>
    <property name="java.vm.specification.version" value="1.8"/>
    <property name="os.name" value="Windows 10"/>
    <property name="user.country" value="IN"/>
    <property name="sun.java.launcher" value="SUN_STANDARD"/>
    <property name="sun.boot.library.path" value="C:\Program Files\Java\jdk1.8.0_231\jre\bin"/>
    <property name="sun.java.command" value="C:\Users\SWATIC~1\AppData\Local\Temp\surefire6298663057936221078\surefirebooter590478586223875496.jar C:\Users\SwatiChetty\AppData\Local\Temp\surefire6298663057936221078 2020-05-25T13-11-36_006-jvmRun1 surefire3005939245231624825tmp surefire_04741562200231849483tmp"/>
    <property name="surefire.test.class.path" value="C:\Users\SwatiChetty\TestAutomationFramework\TestExecutor\target\test-classes;C:\Users\SwatiChetty\TestAutomationFramework\TestExecutor\target\classes;C:\Users\SwatiChetty\.m2\repository\org\testng\testng\7.0.0\testng-7.0.0.jar;C:\Users\SwatiChetty\.m2\repository\com\beust\jcommander\1.72\jcommander-1.72.jar;C:\Users\SwatiChetty\.m2\repository\com\fasterxml\jackson\core\jackson-databind\2.10.1\jackson-databind-2.10.1.jar;C:\Users\SwatiChetty\.m2\repository\com\fasterxml\jackson\core\jackson-annotations\2.10.1\jackson-annotations-2.10.1.jar;C:\Users\SwatiChetty\.m2\repository\com\fasterxml\jackson\core\jackson-core\2.10.1\jackson-core-2.10.1.jar;C:\Users\SwatiChetty\TestAutomationFramework\driverfactory\target\classes;C:\Users\SwatiChetty\.m2\repository\org\seleniumhq\selenium\selenium-chrome-driver\3.141.59\selenium-chrome-driver-3.141.59.jar;C:\Users\SwatiChetty\.m2\repository\org\seleniumhq\selenium\selenium-api\3.141.59\selenium-api-3.141.59.jar;C:\Users\SwatiChetty\.m2\repository\net\bytebuddy\byte-buddy\1.8.15\byte-buddy-1.8.15.jar;C:\Users\SwatiChetty\.m2\repository\org\apache\commons\commons-exec\1.3\commons-exec-1.3.jar;C:\Users\SwatiChetty\.m2\repository\com\google\guava\guava\25.0-jre\guava-25.0-jre.jar;C:\Users\SwatiChetty\.m2\repository\com\google\code\findbugs\jsr305\1.3.9\jsr305-1.3.9.jar;C:\Users\SwatiChetty\.m2\repository\org\checkerframework\checker-compat-qual\2.0.0\checker-compat-qual-2.0.0.jar;C:\Users\SwatiChetty\.m2\repository\com\google\errorprone\error_prone_annotations\2.1.3\error_prone_annotations-2.1.3.jar;C:\Users\SwatiChetty\.m2\repository\com\google\j2objc\j2objc-annotations\1.1\j2objc-annotations-1.1.jar;C:\Users\SwatiChetty\.m2\repository\org\codehaus\mojo\animal-sniffer-annotations\1.14\animal-sniffer-annotations-1.14.jar;C:\Users\SwatiChetty\.m2\repository\com\squareup\okhttp3\okhttp\3.11.0\okhttp-3.11.0.jar;C:\Users\SwatiChetty\.m2\repository\com\squareup\okio\okio\1.14.0\okio-1.14.0.jar;C:\Users\SwatiChetty\.m2\repository\org\seleniumhq\selenium\selenium-firefox-driver\3.141.59\selenium-firefox-driver-3.141.59.jar;C:\Users\SwatiChetty\.m2\repository\io\github\bonigarcia\webdrivermanager\3.6.2\webdrivermanager-3.6.2.jar;C:\Users\SwatiChetty\.m2\repository\org\slf4j\slf4j-api\1.7.25\slf4j-api-1.7.25.jar;C:\Users\SwatiChetty\.m2\repository\com\google\code\gson\gson\2.8.5\gson-2.8.5.jar;C:\Users\SwatiChetty\.m2\repository\org\apache\commons\commons-lang3\3.8.1\commons-lang3-3.8.1.jar;C:\Users\SwatiChetty\.m2\repository\org\apache\httpcomponents\httpclient\4.5.6\httpclient-4.5.6.jar;C:\Users\SwatiChetty\.m2\repository\org\apache\httpcomponents\httpcore\4.4.10\httpcore-4.4.10.jar;C:\Users\SwatiChetty\.m2\repository\commons-logging\commons-logging\1.2\commons-logging-1.2.jar;C:\Users\SwatiChetty\.m2\repository\org\rauschig\jarchivelib\1.0.0\jarchivelib-1.0.0.jar;C:\Users\SwatiChetty\.m2\repository\io\appium\java-client\7.2.0\java-client-7.2.0.jar;C:\Users\SwatiChetty\.m2\repository\org\seleniumhq\selenium\selenium-java\3.141.59\selenium-java-3.141.59.jar;C:\Users\SwatiChetty\.m2\repository\org\seleniumhq\selenium\selenium-edge-driver\3.141.59\selenium-edge-driver-3.141.59.jar;C:\Users\SwatiChetty\.m2\repository\org\seleniumhq\selenium\selenium-ie-driver\3.141.59\selenium-ie-driver-3.141.59.jar;C:\Users\SwatiChetty\.m2\repository\org\seleniumhq\selenium\selenium-opera-driver\3.141.59\selenium-opera-driver-3.141.59.jar;C:\Users\SwatiChetty\.m2\repository\org\seleniumhq\selenium\selenium-safari-driver\3.141.59\selenium-safari-driver-3.141.59.jar;C:\Users\SwatiChetty\.m2\repository\org\seleniumhq\selenium\selenium-support\3.141.59\selenium-support-3.141.59.jar;C:\Users\SwatiChetty\.m2\repository\cglib\cglib\3.2.12\cglib-3.2.12.jar;C:\Users\SwatiChetty\.m2\repository\org\ow2\asm\asm\7.1\asm-7.1.jar;C:\Users\SwatiChetty\.m2\repository\commons-validator\commons-validator\1.6\commons-validator-1.6.jar;C:\Users\SwatiChetty\.m2\repository\commons-beanutils\commons-beanutils\1.9.2\commons-beanutils-1.9.2.jar;C:\Users\SwatiChetty\.m2\repository\commons-digester\commons-digester\1.8.1\commons-digester-1.8.1.jar;C:\Users\SwatiChetty\.m2\repository\commons-collections\commons-collections\3.2.2\commons-collections-3.2.2.jar;C:\Users\SwatiChetty\.m2\repository\org\springframework\spring-context\5.1.8.RELEASE\spring-context-5.1.8.RELEASE.jar;C:\Users\SwatiChetty\.m2\repository\org\springframework\spring-aop\5.1.8.RELEASE\spring-aop-5.1.8.RELEASE.jar;C:\Users\SwatiChetty\.m2\repository\org\springframework\spring-beans\5.1.8.RELEASE\spring-beans-5.1.8.RELEASE.jar;C:\Users\SwatiChetty\.m2\repository\org\springframework\spring-core\5.1.8.RELEASE\spring-core-5.1.8.RELEASE.jar;C:\Users\SwatiChetty\.m2\repository\org\springframework\spring-jcl\5.1.8.RELEASE\spring-jcl-5.1.8.RELEASE.jar;C:\Users\SwatiChetty\.m2\repository\org\springframework\spring-expression\5.1.8.RELEASE\spring-expression-5.1.8.RELEASE.jar;C:\Users\SwatiChetty\.m2\repository\org\aspectj\aspectjweaver\1.9.4\aspectjweaver-1.9.4.jar;C:\Users\SwatiChetty\.m2\repository\org\seleniumhq\selenium\selenium-remote-driver\3.141.59\selenium-remote-driver-3.141.59.jar;C:\Users\SwatiChetty\TestAutomationFramework\dataprovider\target\classes;C:\Users\SwatiChetty\.m2\repository\commons-io\commons-io\2.6\commons-io-2.6.jar;C:\Users\SwatiChetty\.m2\repository\org\apache\poi\poi\4.1.2\poi-4.1.2.jar;C:\Users\SwatiChetty\.m2\repository\commons-codec\commons-codec\1.13\commons-codec-1.13.jar;C:\Users\SwatiChetty\.m2\repository\org\apache\commons\commons-collections4\4.4\commons-collections4-4.4.jar;C:\Users\SwatiChetty\.m2\repository\org\apache\commons\commons-math3\3.6.1\commons-math3-3.6.1.jar;C:\Users\SwatiChetty\.m2\repository\com\zaxxer\SparseBitSet\1.2\SparseBitSet-1.2.jar;C:\Users\SwatiChetty\.m2\repository\org\apache\poi\poi-ooxml\4.1.2\poi-ooxml-4.1.2.jar;C:\Users\SwatiChetty\.m2\repository\org\apache\poi\poi-ooxml-schemas\4.1.2\poi-ooxml-schemas-4.1.2.jar;C:\Users\SwatiChetty\.m2\repository\org\apache\xmlbeans\xmlbeans\3.1.0\xmlbeans-3.1.0.jar;C:\Users\SwatiChetty\.m2\repository\org\apache\commons\commons-compress\1.19\commons-compress-1.19.jar;C:\Users\SwatiChetty\.m2\repository\com\github\virtuald\curvesapi\1.06\curvesapi-1.06.jar;C:\Users\SwatiChetty\.m2\repository\org\json\json\20190722\json-20190722.jar;C:\Users\SwatiChetty\.m2\repository\com\googlecode\json-simple\json-simple\1.1.1\json-simple-1.1.1.jar;C:\Users\SwatiChetty\.m2\repository\junit\junit\4.10\junit-4.10.jar;C:\Users\SwatiChetty\.m2\repository\org\hamcrest\hamcrest-core\1.1\hamcrest-core-1.1.jar;C:\Users\SwatiChetty\TestAutomationFramework\reporter\target\classes;C:\Users\SwatiChetty\.m2\repository\com\aventstack\extentreports\3.0.7\extentreports-3.0.7.jar;C:\Users\SwatiChetty\.m2\repository\org\mongodb\mongodb-driver\3.3.0\mongodb-driver-3.3.0.jar;C:\Users\SwatiChetty\.m2\repository\org\mongodb\bson\3.3.0\bson-3.3.0.jar;C:\Users\SwatiChetty\.m2\repository\org\mongodb\mongodb-driver-core\3.3.0\mongodb-driver-core-3.3.0.jar;C:\Users\SwatiChetty\.m2\repository\org\apache\httpcomponents\httpmime\4.5.2\httpmime-4.5.2.jar;C:\Users\SwatiChetty\.m2\repository\log4j\log4j\1.2.17\log4j-1.2.17.jar;C:\Users\SwatiChetty\.m2\repository\org\apache\logging\log4j\log4j-core\2.13.0\log4j-core-2.13.0.jar;C:\Users\SwatiChetty\.m2\repository\org\apache\logging\log4j\log4j-api\2.13.0\log4j-api-2.13.0.jar;C:\Users\SwatiChetty\.m2\repository\org\freemarker\freemarker\2.3.23\freemarker-2.3.23.jar;C:\Users\SwatiChetty\.m2\repository\org\jsoup\jsoup\1.8.3\jsoup-1.8.3.jar;C:\Users\SwatiChetty\.m2\repository\com\assertthat\selenium-shutterbug\0.9.3\selenium-shutterbug-0.9.3.jar;C:\Users\SwatiChetty\.m2\repository\org\projectlombok\lombok\1.18.8\lombok-1.18.8.jar;C:\Users\SwatiChetty\.m2\repository\com\github\zafarkhaja\java-semver\0.9.0\java-semver-0.9.0.jar;C:\Users\SwatiChetty\.m2\repository\io\qameta\allure\allure-java-commons\2.12.0\allure-java-commons-2.12.0.jar;C:\Users\SwatiChetty\.m2\repository\io\qameta\allure\allure-model\2.12.0\allure-model-2.12.0.jar;C:\Users\SwatiChetty\.m2\repository\org\apache\tika\tika-core\1.20\tika-core-1.20.jar;C:\Users\SwatiChetty\.m2\repository\org\jooq\joor-java-8\0.9.10\joor-java-8-0.9.10.jar;C:\Users\SwatiChetty\.m2\repository\io\qameta\allure\allure-testng\2.12.0\allure-testng-2.12.0.jar;C:\Users\SwatiChetty\.m2\repository\javax\xml\bind\jaxb-api\2.3.1\jaxb-api-2.3.1.jar;C:\Users\SwatiChetty\.m2\repository\javax\activation\javax.activation-api\1.2.0\javax.activation-api-1.2.0.jar;"/>
    <property name="sun.cpu.endian" value="little"/>
    <property name="user.home" value="C:\Users\SwatiChetty"/>
    <property name="user.language" value="en"/>
    <property name="java.specification.vendor" value="Oracle Corporation"/>
    <property name="java.home" value="C:\Program Files\Java\jdk1.8.0_231\jre"/>
    <property name="basedir" value="C:\Users\SwatiChetty\TestAutomationFramework\TestExecutor"/>
    <property name="file.separator" value="\"/>
    <property name="line.separator" value="&#10;"/>
    <property name="java.vm.specification.vendor" value="Oracle Corporation"/>
    <property name="java.specification.name" value="Java Platform API Specification"/>
    <property name="java.awt.graphicsenv" value="sun.awt.Win32GraphicsEnvironment"/>
    <property name="idea.version2020.1.1" value="true"/>
    <property name="surefire.real.class.path" value="C:\Users\SWATIC~1\AppData\Local\Temp\surefire6298663057936221078\surefirebooter590478586223875496.jar;C:\Users\SwatiChetty\.m2\repository/org/aspectj/aspectjweaver/1.9.4/aspectjweaver-1.9.4.jar"/>
    <property name="sun.boot.class.path" value="C:\Program Files\Java\jdk1.8.0_231\jre\lib\resources.jar;C:\Program Files\Java\jdk1.8.0_231\jre\lib\rt.jar;C:\Program Files\Java\jdk1.8.0_231\jre\lib\sunrsasign.jar;C:\Program Files\Java\jdk1.8.0_231\jre\lib\jsse.jar;C:\Program Files\Java\jdk1.8.0_231\jre\lib\jce.jar;C:\Program Files\Java\jdk1.8.0_231\jre\lib\charsets.jar;C:\Program Files\Java\jdk1.8.0_231\jre\lib\jfr.jar;C:\Program Files\Java\jdk1.8.0_231\jre\classes"/>
    <property name="user.script" value=""/>
    <property name="sun.management.compiler" value="HotSpot 64-Bit Tiered Compilers"/>
    <property name="java.runtime.version" value="1.8.0_231-b11"/>
    <property name="user.name" value="SwatiChetty"/>
    <property name="path.separator" value=";"/>
    <property name="os.version" value="10.0"/>
    <property name="java.endorsed.dirs" value="C:\Program Files\Java\jdk1.8.0_231\jre\lib\endorsed"/>
    <property name="java.runtime.name" value="Java(TM) SE Runtime Environment"/>
    <property name="file.encoding" value="Cp1252"/>
    <property name="java.vm.name" value="Java HotSpot(TM) 64-Bit Server VM"/>
    <property name="localRepository" value="C:\Users\SwatiChetty\.m2\repository"/>
    <property name="java.vendor.url.bug" value="http://bugreport.sun.com/bugreport/"/>
    <property name="java.io.tmpdir" value="C:\Users\SWATIC~1\AppData\Local\Temp\"/>
    <property name="java.version" value="1.8.0_231"/>
    <property name="user.dir" value="C:\Users\SwatiChetty\TestAutomationFramework\TestExecutor"/>
    <property name="os.arch" value="amd64"/>
    <property name="java.vm.specification.name" value="Java Virtual Machine Specification"/>
    <property name="java.awt.printerjob" value="sun.awt.windows.WPrinterJob"/>
    <property name="sun.os.patch.level" value=""/>
    <property name="java.library.path" value="C:\Program Files\Java\jdk1.8.0_231\jre\bin;C:\WINDOWS\Sun\Java\bin;C:\WINDOWS\system32;C:\WINDOWS;C:\Program Files (x86)\Common Files\Oracle\Java\javapath;C:\Program Files (x86)\Intel\Intel(R) Management Engine Components\iCLS\;C:\Program Files\Intel\Intel(R) Management Engine Components\iCLS\;C:\WINDOWS\system32;C:\WINDOWS;C:\WINDOWS\System32\Wbem;C:\WINDOWS\System32\WindowsPowerShell\v1.0\;C:\WINDOWS\System32\OpenSSH\;C:\Program Files (x86)\Intel\Intel(R) Management Engine Components\DAL;C:\Program Files\Intel\Intel(R) Management Engine Components\DAL;C:\Program Files (x86)\Intel\Intel(R) Management Engine Components\IPT;C:\Program Files\Intel\Intel(R) Management Engine Components\IPT;C:\apache-maven-3.6.3-bin\apache-maven-3.6.3\bin;C:\Program Files\Java\jdk1.8.0_231\bin;C:\Program Files\Git\cmd;C:\Program Files\Perforce;C:\Program Files (x86)\Notepad++;C:\Program Files\Intel\WiFi\bin\;C:\Program Files\Common Files\Intel\WirelessCommon\;C:\Program Files\PuTTY\;C:\Users\SwatiChetty\AppData\Local\Android\Sdk\tools\bin;C:\Users\SwatiChetty\AppData\Local\Android\Sdk\tools;C:\Users\SwatiChetty\AppData\Local\Android\Sdk\platform-tools;C:\Program Files\nodejs\node_modules\npm\bin;C:\Users\SwatiChetty\scoop\apps\allure\2.13.3\bin;C:\Program Files\nodejs\;C:\Users\SwatiChetty\scoop\shims;C:\Program Files\MySQL\MySQL Shell 8.0\bin\;C:\Users\SwatiChetty\AppData\Local\Microsoft\WindowsApps;C:\Program Files\JetBrains\IntelliJ IDEA 2020.1\bin;C:\Users\SwatiChetty\AppData\Roaming\npm;;."/>
    <property name="java.vm.info" value="mixed mode"/>
    <property name="java.vendor" value="Oracle Corporation"/>
    <property name="java.vm.version" value="25.231-b11"/>
    <property name="java.ext.dirs" value="C:\Program Files\Java\jdk1.8.0_231\jre\lib\ext;C:\WINDOWS\Sun\Java\lib\ext"/>
    <property name="sun.io.unicode.encoding" value="UnicodeLittle"/>
    <property name="java.class.version" value="52.0"/>
  </properties>
  <testcase name="testLoginJasmine" classname="com.enquero.webapp.driscolls.tests.TestLoginPage" time="0">
    <skipped message="expected [Chetty] but found [Swati]"/>
    <system-out><![CDATA[***** Test Suite Regression Test Suite started *******
***** Test Driscolls Web App Test Cases started *******
Directory already exists: C:\Users\SwatiChetty\TestAutomationFramework\reporter\src\main\java\com\enquero\Testlogs
logfilepath: C:\Users\SwatiChetty\TestAutomationFramework\reporter\src\main\java\com\enquero\Testlogs\log4j.properties
2020-05-25 13:11:52 INFO  TestLoginPage:41 - main ************* Execution Started *************
Running Test Method: testLoginJasmine
file path: C:\Users\SwatiChetty\TestAutomationFramework\TestExecutor\src\Reports\Extent_TestReport.html
Directory already exists: C:\Users\SwatiChetty\TestAutomationFramework\TestExecutor\src\Reports
extentTest: com.aventstack.extentreports.ExtentTest@23933031
{1=com.aventstack.extentreports.ExtentTest@23933031}
extent is: com.aventstack.extentreports.ExtentTest@23933031
data path is C:\Users\SwatiChetty\TestAutomationFramework\TestExecutor\src\main\resources\testData.xlsx
2020-05-25 13:11:54 INFO  TestLoginPage:67 - main Testloginjasmine Test case started
{"password":"123456","username":"SwatiChetty"}
2020-05-25 13:11:54 WARN  TestLoginPage:70 - main Input Parameters not validated
{"textToValidate":"Order Create Successfully"}
2020-05-25 13:11:54 INFO  TestLoginPage:74 - main Username validated successfully
Retrying test testLoginJasmine with status FAILURE for the 1 time(s).
Directory already exists at: C:\Users\SwatiChetty\TestAutomationFramework\TestExecutor\src\Reports\Screenshots
tag name: <a href="C:\Users\SwatiChetty\TestAutomationFramework\TestExecutor\src\Reports\Screenshots\testLoginJasmine_20200525011141.png"target='_blank'>Click here</a*** Test testLoginJasmine skipped...
]]></system-out>
    <system-err><![CDATA[SLF4J: Failed to load class "org.slf4j.impl.StaticLoggerBinder".
SLF4J: Defaulting to no-operation (NOP) logger implementation
SLF4J: See http://www.slf4j.org/codes.html#StaticLoggerBinder for further details.
Starting ChromeDriver 83.0.4103.39 (ccbf011cb2d2b19b506d844400483861342c20cd-refs/branch-heads/4103@{#416}) on port 42668
Only local connections are allowed.
Please see https://chromedriver.chromium.org/security-considerations for suggestions on keeping ChromeDriver safe.
ChromeDriver was started successfully.
May 25, 2020 1:11:49 PM org.openqa.selenium.remote.ProtocolHandshake createSession
INFO: Detected dialect: W3C
]]></system-err>
  </testcase>
  <testcase name="testLoginJasmine" classname="com.enquero.webapp.driscolls.tests.TestLoginPage" time="2.591">
    <failure message="expected [Chetty] but found [Swati]" type="java.lang.AssertionError">java.lang.AssertionError: expected [Chetty] but found [Swati]
	at com.enquero.webapp.driscolls.tests.TestLoginPage.testLoginJasmine(TestLoginPage.java:77)
</failure>
    <system-out><![CDATA[Running Test Method: testLoginJasmine
extentTest: com.aventstack.extentreports.ExtentTest@414d2821
{1=com.aventstack.extentreports.ExtentTest@414d2821}
extent is: com.aventstack.extentreports.ExtentTest@414d2821
data path is C:\Users\SwatiChetty\TestAutomationFramework\TestExecutor\src\main\resources\testData.xlsx
2020-05-25 13:11:58 INFO  TestLoginPage:67 - main Testloginjasmine Test case started
{"password":"123456","username":"SwatiChetty"}
2020-05-25 13:11:58 WARN  TestLoginPage:70 - main Input Parameters not validated
{"textToValidate":"Order Create Successfully"}
2020-05-25 13:11:58 INFO  TestLoginPage:74 - main Username validated successfully
I am in onTestFailure method testLoginJasmine failed
Directory already exists at: C:\Users\SwatiChetty\TestAutomationFramework\TestExecutor\src\Reports\Screenshots
tag name: <a href="C:\Users\SwatiChetty\TestAutomationFramework\TestExecutor\src\Reports\Screenshots\testLoginJasmine_20200525011141.png"target='_blank'>Click here</aScreenshot captured for test case:testLoginJasmine
The test: nullretried flag is: false
]]></system-out>
  </testcase>
  <testcase name="testLoginJavascript" classname="com.enquero.webapp.driscolls.tests.TestLoginPage" time="0">
    <skipped message="expected [Chetty] but found [Swati]"/>
    <system-out><![CDATA[Running Test Method: testLoginJavascript
extentTest: com.aventstack.extentreports.ExtentTest@56a9b662
{1=com.aventstack.extentreports.ExtentTest@56a9b662}
extent is: com.aventstack.extentreports.ExtentTest@56a9b662
2020-05-25 13:12:01 INFO  TestLoginPage:49 - main Javascript tc started
{"password":"123456","username":"SwatiChetty"}
{"textToValidate":"Welcome Vivek!!"}
2020-05-25 13:12:01 INFO  TestLoginPage:53 - main Validation successfull for First tc
2020-05-25 13:12:01 ERROR TestLoginPage:56 - main validation failed
Retrying test testLoginJavascript with status FAILURE for the 1 time(s).
Directory already exists at: C:\Users\SwatiChetty\TestAutomationFramework\TestExecutor\src\Reports\Screenshots
tag name: <a href="C:\Users\SwatiChetty\TestAutomationFramework\TestExecutor\src\Reports\Screenshots\testLoginJavascript_20200525011141.png"target='_blank'>Click here</a*** Test testLoginJavascript skipped...
]]></system-out>
  </testcase>
  <testcase name="testLoginJavascript" classname="com.enquero.webapp.driscolls.tests.TestLoginPage" time="4.498">
    <failure message="expected [Chetty] but found [Swati]" type="java.lang.AssertionError">java.lang.AssertionError: expected [Chetty] but found [Swati]
	at com.enquero.webapp.driscolls.tests.TestLoginPage.testLoginJavascript(TestLoginPage.java:57)
</failure>
    <system-out><![CDATA[Running Test Method: testLoginJavascript
extentTest: com.aventstack.extentreports.ExtentTest@f837c11
{1=com.aventstack.extentreports.ExtentTest@f837c11}
extent is: com.aventstack.extentreports.ExtentTest@f837c11
2020-05-25 13:12:03 INFO  TestLoginPage:49 - main Javascript tc started
{"password":"123456","username":"SwatiChetty"}
{"textToValidate":"Welcome Vivek!!"}
2020-05-25 13:12:03 INFO  TestLoginPage:53 - main Validation successfull for First tc
2020-05-25 13:12:03 ERROR TestLoginPage:56 - main validation failed
I am in onTestFailure method testLoginJavascript failed
Directory already exists at: C:\Users\SwatiChetty\TestAutomationFramework\TestExecutor\src\Reports\Screenshots
tag name: <a href="C:\Users\SwatiChetty\TestAutomationFramework\TestExecutor\src\Reports\Screenshots\testLoginJavascript_20200525011141.png"target='_blank'>Click here</aScreenshot captured for test case:testLoginJavascript
The test: nullretried flag is: false
]]></system-out>
  </testcase>
  <testcase name="testLoginSelenium" classname="com.enquero.webapp.driscolls.tests.TestLoginPage" time="1.668"/>
</testsuite>